MergeArgs(model_name='coma_fc', agent_num=3, hid_size=32, obs_size=18, continuous=False, action_dim=5, init_std=0.1, policy_lrate=0.01, value_lrate=0.0001, max_steps=200, batch_size=100, gamma=0.9, normalize_advantages=False, entr=0.01, entr_inc=0.0, action_num=5, q_func=True, train_episodes_num=100000, replay=True, replay_buffer_size=10000.0, replay_warmup=0, cuda=True, grad_clip=True, save_model_freq=10, target=True, target_lr=0.1, behaviour_update_freq=100, critic_update_times=10, target_update_freq=200, gumbel_softmax=False, epsilon_softmax=False, online=True, reward_record_type='episode_mean_step', shared_parameters=True)

Episode:   10, Mean Reward: -7.9992, Action Loss: 0.0181, Value Loss is: 18.1942, Entropy: 159.1582

The model is saved!

Episode:   20, Mean Reward: -4.2326, Action Loss: 0.0069, Value Loss is: 2.2040, Entropy: 160.6146

The model is saved!

Episode:   30, Mean Reward: -4.5627, Action Loss: 0.0228, Value Loss is: 2.3231, Entropy: 160.2426

The model is saved!

Episode:   40, Mean Reward: -4.1895, Action Loss: -0.0110, Value Loss is: 0.6251, Entropy: 160.4918

The model is saved!

Episode:   50, Mean Reward: -4.2586, Action Loss: 0.0463, Value Loss is: 1.1376, Entropy: 160.2076

The model is saved!

Episode:   60, Mean Reward: -3.6173, Action Loss: -0.0055, Value Loss is: 0.8785, Entropy: 160.6026

The model is saved!

Episode:   70, Mean Reward: -3.8885, Action Loss: 0.0047, Value Loss is: 0.7677, Entropy: 160.5979

The model is saved!

Episode:   80, Mean Reward: -4.6056, Action Loss: 0.0507, Value Loss is: 1.3879, Entropy: 160.7005

The model is saved!

Episode:   90, Mean Reward: -5.2147, Action Loss: 0.0048, Value Loss is: 1.5989, Entropy: 160.6351

The model is saved!

Episode:  100, Mean Reward: -3.1741, Action Loss: 0.0182, Value Loss is: 0.7000, Entropy: 160.8326

The model is saved!

Episode:  110, Mean Reward: -3.2272, Action Loss: -0.0065, Value Loss is: 0.8290, Entropy: 160.4604

The model is saved!

Episode:  120, Mean Reward: -4.1986, Action Loss: 0.0090, Value Loss is: 0.9236, Entropy: 160.6120

The model is saved!

Episode:  130, Mean Reward: -4.4531, Action Loss: 0.0311, Value Loss is: 1.1111, Entropy: 160.5260

The model is saved!

Episode:  140, Mean Reward: -7.0579, Action Loss: -0.0713, Value Loss is: 0.9633, Entropy: 160.8442

The model is saved!

Episode:  150, Mean Reward: -3.7666, Action Loss: 0.0331, Value Loss is: 0.8998, Entropy: 160.9094

The model is saved!

Episode:  160, Mean Reward: -3.2353, Action Loss: 0.0024, Value Loss is: 1.0690, Entropy: 160.9084

The model is saved!

Episode:  170, Mean Reward: -3.3788, Action Loss: -0.0249, Value Loss is: 0.9954, Entropy: 160.7455

The model is saved!

Episode:  180, Mean Reward: -6.0563, Action Loss: 0.0247, Value Loss is: 1.1592, Entropy: 160.6510

The model is saved!

Episode:  190, Mean Reward: -5.1043, Action Loss: 0.0113, Value Loss is: 0.9012, Entropy: 160.9236

The model is saved!

Episode:  200, Mean Reward: -4.3045, Action Loss: 0.0085, Value Loss is: 0.8679, Entropy: 160.8899

The model is saved!

Episode:  210, Mean Reward: -3.5045, Action Loss: -0.0100, Value Loss is: 0.7209, Entropy: 160.8239

The model is saved!

Episode:  220, Mean Reward: -3.9324, Action Loss: 0.0403, Value Loss is: 0.5307, Entropy: 160.8494

The model is saved!

Episode:  230, Mean Reward: -5.4127, Action Loss: 0.0154, Value Loss is: 0.5466, Entropy: 160.7758

The model is saved!

Episode:  240, Mean Reward: -3.1338, Action Loss: 0.0258, Value Loss is: 0.5620, Entropy: 160.7834

The model is saved!

Episode:  250, Mean Reward: -4.6085, Action Loss: 0.0274, Value Loss is: 0.6343, Entropy: 160.8856

The model is saved!

Episode:  260, Mean Reward: -3.5948, Action Loss: -0.0021, Value Loss is: 0.7263, Entropy: 160.8346

The model is saved!

Episode:  270, Mean Reward: -4.4323, Action Loss: -0.0551, Value Loss is: 0.7895, Entropy: 160.8692

The model is saved!

Episode:  280, Mean Reward: -3.3140, Action Loss: 0.0322, Value Loss is: 0.4535, Entropy: 160.8167

The model is saved!

Episode:  290, Mean Reward: -3.7309, Action Loss: 0.0138, Value Loss is: 0.5379, Entropy: 160.8735

The model is saved!

Episode:  300, Mean Reward: -3.2271, Action Loss: 0.0536, Value Loss is: 0.5505, Entropy: 160.6156

The model is saved!

Episode:  310, Mean Reward: -3.8015, Action Loss: 0.0114, Value Loss is: 0.9889, Entropy: 160.9029

The model is saved!

Episode:  320, Mean Reward: -4.3304, Action Loss: -0.0588, Value Loss is: 1.1288, Entropy: 160.7611

The model is saved!

Episode:  330, Mean Reward: -3.4661, Action Loss: 0.0093, Value Loss is: 0.6679, Entropy: 160.9367

The model is saved!

Episode:  340, Mean Reward: -4.2722, Action Loss: -0.0115, Value Loss is: 1.4199, Entropy: 160.9045

The model is saved!

Episode:  350, Mean Reward: -4.6801, Action Loss: 0.0403, Value Loss is: 0.5371, Entropy: 160.7836

The model is saved!

Episode:  360, Mean Reward: -5.0145, Action Loss: -0.0214, Value Loss is: 1.0652, Entropy: 160.5501

The model is saved!

Episode:  370, Mean Reward: -3.8223, Action Loss: 0.0283, Value Loss is: 0.4680, Entropy: 160.8030

The model is saved!

Episode:  380, Mean Reward: -4.5668, Action Loss: -0.0119, Value Loss is: 0.6415, Entropy: 160.8873

The model is saved!

Episode:  390, Mean Reward: -4.2931, Action Loss: 0.0160, Value Loss is: 0.9125, Entropy: 160.9244

The model is saved!

Episode:  400, Mean Reward: -3.4326, Action Loss: 0.0133, Value Loss is: 0.6840, Entropy: 160.8521

The model is saved!

Episode:  410, Mean Reward: -4.4884, Action Loss: -0.0003, Value Loss is: 0.5513, Entropy: 160.9054

The model is saved!

Episode:  420, Mean Reward: -6.6741, Action Loss: -0.0100, Value Loss is: 0.6618, Entropy: 160.7425

The model is saved!

Episode:  430, Mean Reward: -4.6605, Action Loss: 0.0650, Value Loss is: 0.4185, Entropy: 160.8840

The model is saved!

Episode:  440, Mean Reward: -6.9686, Action Loss: -0.0584, Value Loss is: 2.1049, Entropy: 160.8361

The model is saved!

Episode:  450, Mean Reward: -5.4839, Action Loss: -0.0097, Value Loss is: 0.6455, Entropy: 160.6770

The model is saved!

Episode:  460, Mean Reward: -5.4625, Action Loss: -0.0456, Value Loss is: 1.5221, Entropy: 160.8596

The model is saved!

Episode:  470, Mean Reward: -3.9667, Action Loss: 0.0031, Value Loss is: 0.9480, Entropy: 160.9032

The model is saved!

Episode:  480, Mean Reward: -4.2588, Action Loss: 0.0911, Value Loss is: 0.6806, Entropy: 160.6335

The model is saved!

Episode:  490, Mean Reward: -3.9490, Action Loss: 0.0037, Value Loss is: 0.5990, Entropy: 160.7736

The model is saved!

Episode:  500, Mean Reward: -5.9473, Action Loss: -0.0926, Value Loss is: 1.1707, Entropy: 160.7670

The model is saved!

Episode:  510, Mean Reward: -4.7307, Action Loss: -0.0133, Value Loss is: 0.8660, Entropy: 160.8905

The model is saved!

Episode:  520, Mean Reward: -4.3536, Action Loss: -0.0640, Value Loss is: 1.5235, Entropy: 160.8718

The model is saved!

Episode:  530, Mean Reward: -4.1770, Action Loss: 0.0008, Value Loss is: 1.1881, Entropy: 160.9145

The model is saved!

Episode:  540, Mean Reward: -3.7328, Action Loss: 0.0292, Value Loss is: 0.5254, Entropy: 160.9027

The model is saved!

Episode:  550, Mean Reward: -3.5459, Action Loss: -0.1245, Value Loss is: 1.0260, Entropy: 160.5960

The model is saved!

Episode:  560, Mean Reward: -3.8297, Action Loss: 0.0239, Value Loss is: 0.4860, Entropy: 160.8105

The model is saved!

Episode:  570, Mean Reward: -4.3015, Action Loss: 0.0334, Value Loss is: 1.3406, Entropy: 160.8115

The model is saved!

Episode:  580, Mean Reward: -5.7580, Action Loss: -0.0331, Value Loss is: 1.0180, Entropy: 160.8392

The model is saved!

Episode:  590, Mean Reward: -4.6550, Action Loss: 0.0395, Value Loss is: 0.6370, Entropy: 160.8479

The model is saved!

Episode:  600, Mean Reward: -3.5246, Action Loss: 0.0174, Value Loss is: 0.7444, Entropy: 160.8736

The model is saved!

Episode:  610, Mean Reward: -3.8148, Action Loss: 0.1090, Value Loss is: 1.2763, Entropy: 160.8092

The model is saved!

Episode:  620, Mean Reward: -5.9189, Action Loss: -0.0432, Value Loss is: 0.9527, Entropy: 160.6477

The model is saved!

Episode:  630, Mean Reward: -3.8789, Action Loss: 0.0404, Value Loss is: 0.6470, Entropy: 160.8604

The model is saved!

Episode:  640, Mean Reward: -5.4757, Action Loss: -0.0449, Value Loss is: 0.9809, Entropy: 160.8362

The model is saved!

Episode:  650, Mean Reward: -3.2799, Action Loss: 0.0128, Value Loss is: 1.2758, Entropy: 160.7692

The model is saved!

Episode:  660, Mean Reward: -5.4367, Action Loss: 0.0526, Value Loss is: 1.0153, Entropy: 160.8472

The model is saved!

Episode:  670, Mean Reward: -4.4299, Action Loss: 0.0702, Value Loss is: 0.4987, Entropy: 160.5877

The model is saved!

Episode:  680, Mean Reward: -3.6603, Action Loss: 0.0069, Value Loss is: 0.7920, Entropy: 160.8849

The model is saved!

Episode:  690, Mean Reward: -2.7153, Action Loss: 0.0405, Value Loss is: 0.5424, Entropy: 160.9118

The model is saved!

Episode:  700, Mean Reward: -3.6537, Action Loss: 0.0047, Value Loss is: 0.7758, Entropy: 160.8835

The model is saved!

Episode:  710, Mean Reward: -4.2510, Action Loss: -0.0191, Value Loss is: 0.6165, Entropy: 160.8465

The model is saved!

Episode:  720, Mean Reward: -3.4590, Action Loss: 0.0232, Value Loss is: 0.5570, Entropy: 160.6649

The model is saved!

Episode:  730, Mean Reward: -4.0787, Action Loss: 0.0225, Value Loss is: 0.5131, Entropy: 160.8448

The model is saved!

Episode:  740, Mean Reward: -7.2635, Action Loss: -0.1114, Value Loss is: 1.1709, Entropy: 160.7679

The model is saved!

Episode:  750, Mean Reward: -3.5522, Action Loss: 0.0333, Value Loss is: 0.7425, Entropy: 160.9071

The model is saved!

Episode:  760, Mean Reward: -2.8677, Action Loss: -0.0087, Value Loss is: 0.7792, Entropy: 160.8231

The model is saved!

Episode:  770, Mean Reward: -3.9818, Action Loss: -0.0189, Value Loss is: 0.8055, Entropy: 160.8170

The model is saved!

Episode:  780, Mean Reward: -4.1257, Action Loss: 0.0133, Value Loss is: 0.8103, Entropy: 160.8789

The model is saved!

Episode:  790, Mean Reward: -5.1984, Action Loss: -0.0408, Value Loss is: 1.0527, Entropy: 160.9116

The model is saved!

Episode:  800, Mean Reward: -5.6990, Action Loss: -0.0809, Value Loss is: 0.8609, Entropy: 160.8538

The model is saved!

Episode:  810, Mean Reward: -4.1935, Action Loss: 0.0504, Value Loss is: 0.5436, Entropy: 160.8818

The model is saved!

Episode:  820, Mean Reward: -3.1236, Action Loss: 0.0159, Value Loss is: 0.6596, Entropy: 160.8907

The model is saved!

Episode:  830, Mean Reward: -4.1885, Action Loss: 0.0208, Value Loss is: 0.5434, Entropy: 160.9245

The model is saved!

Episode:  840, Mean Reward: -4.6574, Action Loss: -0.0247, Value Loss is: 0.7864, Entropy: 160.8591

The model is saved!

Episode:  850, Mean Reward: -3.4376, Action Loss: -0.0069, Value Loss is: 1.2830, Entropy: 160.8914

The model is saved!

Episode:  860, Mean Reward: -3.7770, Action Loss: 0.0364, Value Loss is: 0.4153, Entropy: 160.8118

The model is saved!

Episode:  870, Mean Reward: -6.9212, Action Loss: -0.0546, Value Loss is: 0.9991, Entropy: 160.8325

The model is saved!

Episode:  880, Mean Reward: -3.6401, Action Loss: 0.0229, Value Loss is: 0.7320, Entropy: 160.9309

The model is saved!

Episode:  890, Mean Reward: -3.1068, Action Loss: -0.0155, Value Loss is: 0.5248, Entropy: 160.9069

The model is saved!

Episode:  900, Mean Reward: -5.1454, Action Loss: -0.0199, Value Loss is: 0.9800, Entropy: 160.8968

The model is saved!

Episode:  910, Mean Reward: -4.1104, Action Loss: 0.0204, Value Loss is: 0.8660, Entropy: 160.9308

The model is saved!

Episode:  920, Mean Reward: -4.1405, Action Loss: 0.0119, Value Loss is: 0.6016, Entropy: 160.9074

The model is saved!

Episode:  930, Mean Reward: -4.1641, Action Loss: 0.0475, Value Loss is: 0.7507, Entropy: 160.6055

The model is saved!

Episode:  940, Mean Reward: -3.2628, Action Loss: -0.0001, Value Loss is: 0.8284, Entropy: 160.9272

The model is saved!

Episode:  950, Mean Reward: -2.8842, Action Loss: 0.0041, Value Loss is: 0.7431, Entropy: 160.9082

The model is saved!

Episode:  960, Mean Reward: -6.0498, Action Loss: -0.0153, Value Loss is: 0.8059, Entropy: 160.8377

The model is saved!

Episode:  970, Mean Reward: -4.3239, Action Loss: -0.0236, Value Loss is: 1.3479, Entropy: 160.6858

The model is saved!

Episode:  980, Mean Reward: -5.6886, Action Loss: 0.0391, Value Loss is: 0.9601, Entropy: 160.4828

The model is saved!

Episode:  990, Mean Reward: -2.9298, Action Loss: 0.0250, Value Loss is: 0.4392, Entropy: 160.8183

The model is saved!

Episode: 1000, Mean Reward: -3.7869, Action Loss: 0.0319, Value Loss is: 0.8430, Entropy: 160.8750

The model is saved!

Episode: 1010, Mean Reward: -4.4164, Action Loss: -0.0263, Value Loss is: 1.0008, Entropy: 160.8730

The model is saved!

Episode: 1020, Mean Reward: -4.4872, Action Loss: 0.0104, Value Loss is: 0.5350, Entropy: 160.9175

The model is saved!

Episode: 1030, Mean Reward: -3.3261, Action Loss: 0.0145, Value Loss is: 0.6443, Entropy: 160.8838

The model is saved!

Episode: 1040, Mean Reward: -3.4545, Action Loss: 0.0056, Value Loss is: 0.6926, Entropy: 160.9146

The model is saved!

Episode: 1050, Mean Reward: -4.6181, Action Loss: -0.0285, Value Loss is: 0.8230, Entropy: 160.9137

The model is saved!

Episode: 1060, Mean Reward: -3.4740, Action Loss: 0.0241, Value Loss is: 0.3375, Entropy: 160.8870

The model is saved!

Episode: 1070, Mean Reward: -3.2384, Action Loss: 0.0091, Value Loss is: 0.6562, Entropy: 160.8595

The model is saved!

Episode: 1080, Mean Reward: -4.5206, Action Loss: 0.0261, Value Loss is: 0.9240, Entropy: 160.9045

The model is saved!

Episode: 1090, Mean Reward: -4.2887, Action Loss: -0.1095, Value Loss is: 1.1877, Entropy: 160.8243

The model is saved!

Episode: 1100, Mean Reward: -3.2866, Action Loss: 0.0065, Value Loss is: 0.5454, Entropy: 160.9037

The model is saved!

Episode: 1110, Mean Reward: -5.7559, Action Loss: 0.0568, Value Loss is: 1.4429, Entropy: 160.8690

The model is saved!

Episode: 1120, Mean Reward: -3.7629, Action Loss: -0.0195, Value Loss is: 0.6264, Entropy: 160.8657

The model is saved!

Episode: 1130, Mean Reward: -5.9047, Action Loss: -0.0715, Value Loss is: 0.8604, Entropy: 160.7604

The model is saved!

Episode: 1140, Mean Reward: -3.3546, Action Loss: 0.0251, Value Loss is: 0.6805, Entropy: 160.8642

The model is saved!

Episode: 1150, Mean Reward: -3.6922, Action Loss: 0.0291, Value Loss is: 0.6527, Entropy: 160.8996

The model is saved!

Episode: 1160, Mean Reward: -4.1825, Action Loss: 0.0001, Value Loss is: 0.8756, Entropy: 160.9014

The model is saved!

Episode: 1170, Mean Reward: -5.4742, Action Loss: -0.0560, Value Loss is: 0.7065, Entropy: 160.8557

The model is saved!

Episode: 1180, Mean Reward: -2.6269, Action Loss: 0.0789, Value Loss is: 0.5843, Entropy: 160.6709

The model is saved!

Episode: 1190, Mean Reward: -6.1408, Action Loss: -0.0857, Value Loss is: 1.1497, Entropy: 160.8906

The model is saved!

Episode: 1200, Mean Reward: -4.6477, Action Loss: 0.0418, Value Loss is: 0.5500, Entropy: 160.8661

The model is saved!

Episode: 1210, Mean Reward: -3.7567, Action Loss: 0.0404, Value Loss is: 0.8605, Entropy: 160.9154

The model is saved!

Episode: 1220, Mean Reward: -3.8264, Action Loss: 0.0249, Value Loss is: 0.7210, Entropy: 160.9313

The model is saved!

Episode: 1230, Mean Reward: -5.4556, Action Loss: -0.0350, Value Loss is: 1.4688, Entropy: 160.7327

The model is saved!

Episode: 1240, Mean Reward: -3.6102, Action Loss: 0.0768, Value Loss is: 0.7573, Entropy: 160.6771

The model is saved!

Episode: 1250, Mean Reward: -2.6670, Action Loss: 0.0510, Value Loss is: 0.7108, Entropy: 160.7957

The model is saved!

Episode: 1260, Mean Reward: -3.5585, Action Loss: 0.0404, Value Loss is: 1.0308, Entropy: 160.8148

The model is saved!

Episode: 1270, Mean Reward: -3.6562, Action Loss: -0.0078, Value Loss is: 1.2888, Entropy: 160.9365

The model is saved!

Episode: 1280, Mean Reward: -5.4777, Action Loss: -0.0340, Value Loss is: 0.9372, Entropy: 160.8875

The model is saved!

Episode: 1290, Mean Reward: -2.9297, Action Loss: 0.0213, Value Loss is: 0.5437, Entropy: 160.8537

The model is saved!

Episode: 1300, Mean Reward: -3.4876, Action Loss: 0.0296, Value Loss is: 0.7961, Entropy: 160.8555

The model is saved!

Episode: 1310, Mean Reward: -3.3329, Action Loss: 0.0019, Value Loss is: 0.8283, Entropy: 160.8845

The model is saved!

Episode: 1320, Mean Reward: -5.5854, Action Loss: -0.0221, Value Loss is: 1.2986, Entropy: 160.9045

The model is saved!

Episode: 1330, Mean Reward: -3.3479, Action Loss: -0.0158, Value Loss is: 0.9010, Entropy: 160.9344

The model is saved!

Episode: 1340, Mean Reward: -4.5196, Action Loss: -0.0296, Value Loss is: 0.9742, Entropy: 160.8696

The model is saved!

Episode: 1350, Mean Reward: -8.0600, Action Loss: -0.1065, Value Loss is: 1.9958, Entropy: 160.8937

The model is saved!

Episode: 1360, Mean Reward: -3.5584, Action Loss: 0.0201, Value Loss is: 0.8610, Entropy: 160.8427

The model is saved!

Episode: 1370, Mean Reward: -3.7428, Action Loss: 0.0021, Value Loss is: 0.9532, Entropy: 160.7928

The model is saved!

Episode: 1380, Mean Reward: -4.3942, Action Loss: 0.0144, Value Loss is: 1.1005, Entropy: 160.7937

The model is saved!

Episode: 1390, Mean Reward: -7.2889, Action Loss: 0.0575, Value Loss is: 0.8516, Entropy: 160.5961

The model is saved!

Episode: 1400, Mean Reward: -5.8834, Action Loss: -0.0810, Value Loss is: 0.9103, Entropy: 160.9009

The model is saved!

Episode: 1410, Mean Reward: -4.5448, Action Loss: -0.0789, Value Loss is: 1.0741, Entropy: 160.8383

The model is saved!

Episode: 1420, Mean Reward: -5.3911, Action Loss: 0.0424, Value Loss is: 0.6291, Entropy: 160.8029

The model is saved!

Episode: 1430, Mean Reward: -4.6162, Action Loss: -0.0392, Value Loss is: 1.0841, Entropy: 160.9307

The model is saved!

Episode: 1440, Mean Reward: -3.3387, Action Loss: 0.0092, Value Loss is: 0.7036, Entropy: 160.8834

The model is saved!

Episode: 1450, Mean Reward: -4.7386, Action Loss: -0.0261, Value Loss is: 1.6925, Entropy: 160.8377

The model is saved!

Episode: 1460, Mean Reward: -4.2369, Action Loss: -0.0298, Value Loss is: 1.0024, Entropy: 160.8314

The model is saved!

Episode: 1470, Mean Reward: -6.2175, Action Loss: -0.0264, Value Loss is: 1.0434, Entropy: 160.9119

The model is saved!

Episode: 1480, Mean Reward: -3.5904, Action Loss: -0.0265, Value Loss is: 1.0419, Entropy: 160.7982

The model is saved!

Episode: 1490, Mean Reward: -5.5017, Action Loss: 0.0625, Value Loss is: 1.3142, Entropy: 160.8326

The model is saved!

Episode: 1500, Mean Reward: -4.3229, Action Loss: -0.0699, Value Loss is: 1.2978, Entropy: 160.8801

The model is saved!

Episode: 1510, Mean Reward: -7.4916, Action Loss: -0.0740, Value Loss is: 1.2167, Entropy: 160.7343

The model is saved!

Episode: 1520, Mean Reward: -4.5632, Action Loss: -0.0447, Value Loss is: 0.9924, Entropy: 160.8824

The model is saved!

Episode: 1530, Mean Reward: -5.4600, Action Loss: -0.0070, Value Loss is: 1.1457, Entropy: 160.7952

The model is saved!

Episode: 1540, Mean Reward: -3.9989, Action Loss: 0.0046, Value Loss is: 0.7334, Entropy: 160.9024

The model is saved!

Episode: 1550, Mean Reward: -4.5735, Action Loss: -0.0251, Value Loss is: 0.9159, Entropy: 160.7789

The model is saved!

Episode: 1560, Mean Reward: -4.4091, Action Loss: -0.0199, Value Loss is: 0.6405, Entropy: 160.7868

The model is saved!

Episode: 1570, Mean Reward: -3.8850, Action Loss: -0.0049, Value Loss is: 0.9162, Entropy: 160.8100

The model is saved!

Episode: 1580, Mean Reward: -2.9863, Action Loss: 0.0450, Value Loss is: 0.8809, Entropy: 160.8941

The model is saved!

Episode: 1590, Mean Reward: -3.1622, Action Loss: 0.0488, Value Loss is: 0.5316, Entropy: 160.8691

The model is saved!

Episode: 1600, Mean Reward: -4.0417, Action Loss: 0.0269, Value Loss is: 1.1201, Entropy: 160.9186

The model is saved!

Episode: 1610, Mean Reward: -4.3064, Action Loss: 0.0454, Value Loss is: 0.9499, Entropy: 160.9219

The model is saved!

Episode: 1620, Mean Reward: -5.0150, Action Loss: 0.0159, Value Loss is: 2.1169, Entropy: 160.8581

The model is saved!

Episode: 1630, Mean Reward: -2.6685, Action Loss: 0.0000, Value Loss is: 0.6167, Entropy: 160.6960

The model is saved!

Episode: 1640, Mean Reward: -3.2429, Action Loss: 0.0701, Value Loss is: 0.9326, Entropy: 160.8773

The model is saved!

Episode: 1650, Mean Reward: -4.7523, Action Loss: 0.0107, Value Loss is: 0.8122, Entropy: 160.9209

The model is saved!

Episode: 1660, Mean Reward: -6.3513, Action Loss: -0.0804, Value Loss is: 1.5551, Entropy: 160.6442

The model is saved!

Episode: 1670, Mean Reward: -4.4440, Action Loss: 0.0280, Value Loss is: 0.8818, Entropy: 160.7769

The model is saved!

Episode: 1680, Mean Reward: -3.7889, Action Loss: 0.0997, Value Loss is: 0.7661, Entropy: 160.8461

The model is saved!

Episode: 1690, Mean Reward: -4.0817, Action Loss: -0.0457, Value Loss is: 1.3569, Entropy: 160.8637

The model is saved!

Episode: 1700, Mean Reward: -4.2980, Action Loss: 0.0205, Value Loss is: 0.8885, Entropy: 160.8220

The model is saved!

Episode: 1710, Mean Reward: -4.5193, Action Loss: 0.0353, Value Loss is: 0.7851, Entropy: 160.8116

The model is saved!

Episode: 1720, Mean Reward: -4.7975, Action Loss: 0.0424, Value Loss is: 1.2859, Entropy: 160.8847

The model is saved!

Episode: 1730, Mean Reward: -4.1898, Action Loss: 0.0572, Value Loss is: 0.9910, Entropy: 160.7484

The model is saved!

Episode: 1740, Mean Reward: -5.2497, Action Loss: -0.0523, Value Loss is: 1.3060, Entropy: 160.8706

The model is saved!

Episode: 1750, Mean Reward: -3.7452, Action Loss: 0.0706, Value Loss is: 0.7764, Entropy: 160.7891

The model is saved!

Episode: 1760, Mean Reward: -4.7145, Action Loss: -0.0114, Value Loss is: 0.8347, Entropy: 160.8876

The model is saved!

Episode: 1770, Mean Reward: -5.4919, Action Loss: -0.1061, Value Loss is: 1.2720, Entropy: 160.8026

The model is saved!

Episode: 1780, Mean Reward: -4.6185, Action Loss: 0.0036, Value Loss is: 0.6077, Entropy: 160.9111

The model is saved!

Episode: 1790, Mean Reward: -4.3620, Action Loss: -0.0933, Value Loss is: 0.8982, Entropy: 160.7940

The model is saved!

Episode: 1800, Mean Reward: -5.7498, Action Loss: 0.0343, Value Loss is: 1.1909, Entropy: 160.8186

The model is saved!

Episode: 1810, Mean Reward: -4.3765, Action Loss: -0.0058, Value Loss is: 0.8821, Entropy: 160.8538

The model is saved!

Episode: 1820, Mean Reward: -3.6927, Action Loss: -0.0014, Value Loss is: 1.7025, Entropy: 160.8016

The model is saved!

Episode: 1830, Mean Reward: -3.2844, Action Loss: 0.0276, Value Loss is: 0.6297, Entropy: 160.7692

The model is saved!

Episode: 1840, Mean Reward: -3.3892, Action Loss: 0.0105, Value Loss is: 0.6071, Entropy: 160.8705

The model is saved!

Episode: 1850, Mean Reward: -3.9371, Action Loss: -0.0041, Value Loss is: 1.3887, Entropy: 160.9034

The model is saved!

Episode: 1860, Mean Reward: -4.2413, Action Loss: 0.0017, Value Loss is: 0.9526, Entropy: 160.8639

The model is saved!

Episode: 1870, Mean Reward: -6.9017, Action Loss: -0.0070, Value Loss is: 0.6008, Entropy: 160.8179

The model is saved!

Episode: 1880, Mean Reward: -3.2226, Action Loss: 0.0129, Value Loss is: 0.9300, Entropy: 160.8189

The model is saved!

Episode: 1890, Mean Reward: -3.6309, Action Loss: 0.0313, Value Loss is: 0.6742, Entropy: 160.8119

The model is saved!

Episode: 1900, Mean Reward: -4.4945, Action Loss: 0.0599, Value Loss is: 1.2334, Entropy: 160.7860

The model is saved!

Episode: 1910, Mean Reward: -7.6326, Action Loss: -0.1116, Value Loss is: 1.2315, Entropy: 160.8610

The model is saved!

Episode: 1920, Mean Reward: -4.7656, Action Loss: 0.0255, Value Loss is: 0.7943, Entropy: 160.9204

The model is saved!

Episode: 1930, Mean Reward: -3.6485, Action Loss: 0.0179, Value Loss is: 0.6787, Entropy: 160.8661

The model is saved!

Episode: 1940, Mean Reward: -3.6976, Action Loss: 0.0012, Value Loss is: 0.8347, Entropy: 160.9222

The model is saved!

Episode: 1950, Mean Reward: -3.2865, Action Loss: 0.0262, Value Loss is: 0.7351, Entropy: 160.9234

The model is saved!

Episode: 1960, Mean Reward: -4.0354, Action Loss: 0.0681, Value Loss is: 0.9937, Entropy: 160.8248

The model is saved!

Episode: 1970, Mean Reward: -3.7387, Action Loss: 0.0447, Value Loss is: 1.1312, Entropy: 160.7852

The model is saved!

Episode: 1980, Mean Reward: -3.8482, Action Loss: -0.0026, Value Loss is: 0.8351, Entropy: 160.8192

The model is saved!

Episode: 1990, Mean Reward: -5.0565, Action Loss: -0.0270, Value Loss is: 0.8311, Entropy: 160.8508

The model is saved!

Episode: 2000, Mean Reward: -3.1986, Action Loss: 0.0332, Value Loss is: 0.7779, Entropy: 160.8327

The model is saved!

Episode: 2010, Mean Reward: -5.5031, Action Loss: -0.0998, Value Loss is: 1.1927, Entropy: 160.9116

The model is saved!

Episode: 2020, Mean Reward: -5.6117, Action Loss: 0.0237, Value Loss is: 2.0417, Entropy: 160.8135

The model is saved!

Episode: 2030, Mean Reward: -5.5996, Action Loss: -0.0744, Value Loss is: 1.3890, Entropy: 160.8908

The model is saved!

Episode: 2040, Mean Reward: -5.2089, Action Loss: -0.0272, Value Loss is: 1.0227, Entropy: 160.8856

The model is saved!

Episode: 2050, Mean Reward: -4.8444, Action Loss: 0.1257, Value Loss is: 1.4952, Entropy: 160.4868

The model is saved!

Episode: 2060, Mean Reward: -3.4891, Action Loss: 0.0331, Value Loss is: 1.1758, Entropy: 160.7822

The model is saved!

Episode: 2070, Mean Reward: -8.2331, Action Loss: -0.0775, Value Loss is: 1.1440, Entropy: 160.8183

The model is saved!

Episode: 2080, Mean Reward: -5.1111, Action Loss: 0.0072, Value Loss is: 1.0517, Entropy: 160.8071

The model is saved!

Episode: 2090, Mean Reward: -3.8833, Action Loss: 0.0402, Value Loss is: 0.8937, Entropy: 160.8027

The model is saved!

Episode: 2100, Mean Reward: -4.0974, Action Loss: 0.0188, Value Loss is: 0.7498, Entropy: 160.8489

The model is saved!

